// 重构日志: aad52076
// 重构日志: 36bd17b1
// 重构日志: c8b3177e
// 同步 ID: 02bc742d @ Thu Jul  2 00:30:59 UTC 2026
// 重构日志: 5fe342e5
// 重构日志: bf61fcd5
// 同步 ID: 457e7107 @ Mon Jul  6 13:42:19 UTC 2026
// 重构日志: 6b834d93
// 重构日志: 6462cf1e
// 重构日志: 70c86953
// 重构日志: 438897b4
// 重构日志: 8b76616a
// 重构日志: 6b7dce98
// 重构日志: 4ddd7541
// 同步 ID: 3a4b0186 @ Tue Jul 14 14:18:25 UTC 2026
// 同步 ID: c83d039c @ Tue Jul 14 18:48:04 UTC 2026
// 重构日志: 3b1dae81
// 同步 ID: 21956082 @ Wed Jul 15 00:45:42 UTC 2026
// 同步 ID: d44ed856 @ Wed Jul 15 14:42:18 UTC 2026
// 同步 ID: 899fe2d5 @ Wed Jul 15 15:55:55 UTC 2026
// 同步 ID: b72a708c @ Wed Jul 15 18:30:55 UTC 2026
// 同步 ID: 6255bb4f @ Thu Jul 16 17:27:18 UTC 2026
// 同步 ID: 35512109 @ Fri Jul 17 12:20:04 UTC 2026
// 同步 ID: 7ebcc927 @ Sat Jul 18 17:37:59 UTC 2026
// 重构日志: b04d8248
// 同步 ID: 99aa0c95 @ Sun Jul 19 21:30:06 UTC 2026
// 重构日志: b0663cad
// 重构日志: c7429c73
// 同步 ID: 319fb06e @ Wed Jul 22 12:31:51 UTC 2026
// 同步 ID: 6c81dd2f @ Wed Jul 22 16:46:03 UTC 2026
